PureFM/proguard/seeds.txt
com.docd.purefm.PureFM
com.docd.purefm.PureFM: PureFM()
com.docd.purefm.R$array: int appearance_types
com.docd.purefm.R$array: int appearance_types_values
com.docd.purefm.R$color: int holo_light_background
com.docd.purefm.R$color: int holo_light_selected
com.docd.purefm.R$dimen: int preview_width
com.docd.purefm.R$drawable: int action_bookmarks
com.docd.purefm.R$drawable: int action_copy
com.docd.purefm.R$drawable: int action_cut
com.docd.purefm.R$drawable: int action_edit
com.docd.purefm.R$drawable: int action_file_new
com.docd.purefm.R$drawable: int action_folder_new
com.docd.purefm.R$drawable: int action_info
com.docd.purefm.R$drawable: int action_paste
com.docd.purefm.R$drawable: int action_refresh
com.docd.purefm.R$drawable: int action_remove
com.docd.purefm.R$drawable: int action_search
com.docd.purefm.R$drawable: int action_settings
com.docd.purefm.R$drawable: int action_sort
com.docd.purefm.R$drawable: int action_view_as_grid
com.docd.purefm.R$drawable: int action_view_as_list
com.docd.purefm.R$drawable: int ic_fso_default
com.docd.purefm.R$drawable: int ic_fso_folder
com.docd.purefm.R$drawable: int ic_fso_symlink
com.docd.purefm.R$drawable: int ic_fso_type_app
com.docd.purefm.R$drawable: int ic_fso_type_audio
com.docd.purefm.R$drawable: int ic_fso_type_binary
com.docd.purefm.R$drawable: int ic_fso_type_calendar
com.docd.purefm.R$drawable: int ic_fso_type_cdimage
com.docd.purefm.R$drawable: int ic_fso_type_compress
com.docd.purefm.R$drawable: int ic_fso_type_contact
com.docd.purefm.R$drawable: int ic_fso_type_database
com.docd.purefm.R$drawable: int ic_fso_type_document
com.docd.purefm.R$drawable: int ic_fso_type_ebook
com.docd.purefm.R$drawable: int ic_fso_type_email
com.docd.purefm.R$drawable: int ic_fso_type_executable
com.docd.purefm.R$id: int available
com.docd.purefm.R$id: int block_size
com.docd.purefm.R$id: int button4
com.docd.purefm.R$id: int button5
com.docd.purefm.R$id: int filesystem
com.docd.purefm.R$id: int filesystem_row
com.docd.purefm.R$id: int flipper
com.docd.purefm.R$id: int fragment
com.docd.purefm.R$id: int free
com.docd.purefm.R$id: int gexecute
com.docd.purefm.R$id: int gread
com.docd.purefm.R$id: int grid
com.docd.purefm.R$id: int group
com.docd.purefm.R$id: int gwrite
com.docd.purefm.R$id: int location
com.docd.purefm.R$id: int menu_bookmarks
com.docd.purefm.R$id: int menu_bookmarks_new
com.docd.purefm.R$id: int menu_delete
com.docd.purefm.R$id: int menu_file_new
com.docd.purefm.R$id: int menu_folder_new
com.docd.purefm.R$id: int menu_partition
com.docd.purefm.R$id: int menu_search
com.docd.purefm.R$id: int menu_settings
com.docd.purefm.R$id: int menu_sort_date_asc
com.docd.purefm.R$id: int menu_sort_date_desc
com.docd.purefm.R$id: int menu_sort_name_asc
com.docd.purefm.R$id: int menu_sort_name_desc
com.docd.purefm.R$id: int menu_sort_size_asc
com.docd.purefm.R$id: int menu_sort_size_desc
com.docd.purefm.R$id: int menu_sort_type_asc
com.docd.purefm.R$id: int menu_sort_type_desc
com.docd.purefm.R$id: int mime
com.docd.purefm.R$id: int modified
com.docd.purefm.R$id: int name
com.docd.purefm.R$id: int oexecute
com.docd.purefm.R$id: int oread
com.docd.purefm.R$id: int owner
com.docd.purefm.R$id: int owrite
com.docd.purefm.R$id: int properties
...
android.support.v4.app.BackStackState
android.support.v4.app.BackStackState: android.os.Parcelable$Creator CREATOR
android.support.v4.app.Fragment$SavedState
android.support.v4.app.Fragment$SavedState: android.os.Parcelable$Creator CREATOR
android.support.v4.app.FragmentActivity
android.support.v4.app.FragmentActivity: FragmentActivity()
android.support.v4.app.FragmentManagerState
android.support.v4.app.FragmentManagerState: android.os.Parcelable$Creator CREATOR
android.support.v4.app.FragmentState
android.support.v4.app.FragmentState: android.os.Parcelable$Creator CREATOR
android.support.v4.app.FragmentTabHost
android.support.v4.app.FragmentTabHost: FragmentTabHost(android.content.Context)
android.support.v4.app.FragmentTabHost: FragmentTabHost(android.content.Context,android.util.AttributeSet)
android.support.v4.app.FragmentTabHost: void setup()
android.support.v4.app.FragmentTabHost: void setup(android.content.Context,android.support.v4.app.FragmentManager)
android.support.v4.app.FragmentTabHost: void setup(android.content.Context,android.support.v4.app.FragmentManager,int)
android.support.v4.app.FragmentTabHost: void setOnTabChangedListener(android.widget.TabHost$OnTabChangeListener)
android.support.v4.app.FragmentTabHost$SavedState
android.support.v4.app.FragmentTabHost$SavedState: android.os.Parcelable$Creator CREATOR
android.support.v4.content.FileProvider
android.support.v4.content.ModernAsyncTask$Status: android.support.v4.content.ModernAsyncTask$Status[] values()
android.support.v4.content.ModernAsyncTask$Status: android.support.v4.content.ModernAsyncTask$Status valueOf(java.lang.String)
android.support.v4.content.WakefulBroadcastReceiver
android.support.v4.view.PagerTabStrip
android.support.v4.view.PagerTabStrip: PagerTabStrip(android.content.Context)
android.support.v4.view.PagerTabStrip: PagerTabStrip(android.content.Context,android.util.AttributeSet)
android.support.v4.view.PagerTabStrip: void setTabIndicatorColor(int)
android.support.v4.view.PagerTabStrip: void setTabIndicatorColorResource(int)
android.support.v4.view.PagerTabStrip: int getTabIndicatorColor()
android.support.v4.view.PagerTabStrip: void setPadding(int,int,int,int)
android.support.v4.view.PagerTabStrip: void setTextSpacing(int)
android.support.v4.view.PagerTabStrip: void setBackgroundDrawable(android.graphics.drawable.Drawable)
android.support.v4.view.PagerTabStrip: void setBackgroundColor(int)
android.support.v4.view.PagerTabStrip: void setBackgroundResource(int)
android.support.v4.view.PagerTabStrip: void setDrawFullUnderline(boolean)
android.support.v4.view.PagerTabStrip: boolean getDrawFullUnderline()
android.support.v4.view.PagerTabStrip: int getMinHeight()
android.support.v4.view.PagerTitleStrip
android.support.v4.view.PagerTitleStrip: void setSingleLineAllCaps(android.widget.TextView)
android.support.v4.view.PagerTitleStrip: PagerTitleStrip(android.content.Context)
android.support.v4.view.PagerTitleStrip: PagerTitleStrip(android.content.Context,android.util.AttributeSet)
android.support.v4.view.PagerTitleStrip: void setTextSpacing(int)
android.support.v4.view.PagerTitleStrip: int getTextSpacing()
android.support.v4.view.PagerTitleStrip: void setNonPrimaryAlpha(float)
android.support.v4.view.PagerTitleStrip: void setTextColor(int)
android.support.v4.view.PagerTitleStrip: void setTextSize(int,float)
android.support.v4.view.PagerTitleStrip: void setGravity(int)
android.support.v4.view.PagerTitleStrip: int getMinHeight()