PureFM/proguard/mapping.txt
com.docd.purefm.PureFM -> com.docd.purefm.PureFM:
    void onCreate() -> onCreate
com.docd.purefm.activities.BookmarksActivity -> com.docd.purefm.activities.BookmarksActivity:
    com.docd.purefm.adapters.BookmarksAdapter adapter -> a
    void onCreate(android.os.Bundle) -> onCreate
    void initActionBar() -> a
    void initView() -> b
    void onPause() -> onPause
    boolean onCreateOptionsMenu(android.view.Menu) -> onCreateOptionsMenu
    boolean onMenuItemSelected(int,android.view.MenuItem) -> onMenuItemSelected
com.docd.purefm.activities.BrowserActivity -> com.docd.purefm.activities.BrowserActivity:
    java.lang.String EXTRA_REQUESTED_PATH -> n
    android.app.ActionBar actionBar -> o
    com.docd.purefm.view.SequentalTextView title -> p
    android.support.v4.view.ViewPager pager -> q
    com.docd.purefm.adapters.BrowserTabsAdapter pagerAdapter -> r
    java.lang.String mimeType -> s
    void onCreate(android.os.Bundle) -> onCreate
    void onPause() -> onPause
    void onLowMemory() -> onLowMemory
    void initActiobBar() -> i
    void initView() -> j
    void invalidateList() -> f
    com.docd.purefm.view.SequentalTextView getTitleView() -> g
    com.docd.purefm.browser.Browser$OnNavigateListener getOnNavagationListener() -> h
    void onNewIntent(android.content.Intent) -> onNewIntent
    void setCurrentMimeType() -> k
    void setCurrentPath(com.docd.purefm.file.GenericFile) -> a
    void checkIntentAction(android.content.Intent) -> a
    void checkForPath(android.content.Intent) -> b
    void onBackPressed() -> onBackPressed
    void onConfigurationChanged(android.content.res.Configuration) -> onConfigurationChanged
    void onActivityResult(int,int,android.content.Intent) -> onActivityResult
    com.docd.purefm.view.SequentalTextView access$0(com.docd.purefm.activities.BrowserActivity) -> a
    android.app.ActionBar access$1(com.docd.purefm.activities.BrowserActivity) -> b
com.docd.purefm.activities.BrowserActivity$1 -> gw:
    java.io.File root -> b
    com.docd.purefm.activities.BrowserActivity this$0 -> a
    void onNavigate(com.docd.purefm.file.GenericFile) -> a
    void onNavigationCompleted(com.docd.purefm.file.GenericFile) -> b
com.docd.purefm.activities.BrowserActivity$2 -> gx:
    com.docd.purefm.activities.BrowserActivity this$0 -> a
    void onClick(android.content.DialogInterface,int) -> onClick
com.docd.purefm.activities.BrowserActivity$3 -> gy:
    com.docd.purefm.activities.BrowserActivity this$0 -> a
    void onClick(android.content.DialogInterface,int) -> onClick
com.docd.purefm.activities.SearchActivity -> com.docd.purefm.activities.SearchActivity:
    android.widget.AbsListView list -> a
    com.docd.purefm.adapters.BrowserBaseAdapter adapter -> b
    android.widget.TextView input -> c
    android.view.View progress -> d
    com.docd.purefm.tasks.CancelableTask searchTask -> e
    java.lang.String path -> f
    int prevId -> g
    void onCreate(android.os.Bundle) -> onCreate
    void onStop() -> onStop
    boolean onMenuItemSelected(int,android.view.MenuItem) -> onMenuItemSelected
    boolean onKeyUp(int,android.view.KeyEvent) -> onKeyUp
    void initActionBar() -> a
    void initView() -> b
    void onSearchClicked() -> c
    void onPreExecute() -> d
    void onPostExecute() -> e
    void onProgressUpdate(com.docd.purefm.file.GenericFile) -> a
    void initList() -> f
    int getNewId() -> g
    void buildSearchTask(boolean) -> a
    void access$0(com.docd.purefm.activities.SearchActivity) -> a
    void access$1(com.docd.purefm.activities.SearchActivity,boolean) -> a
    com.docd.purefm.tasks.CancelableTask access$2(com.docd.purefm.activities.SearchActivity) -> b
    void access$3(com.docd.purefm.activities.SearchActivity) -> c
    void access$4(com.docd.purefm.activities.SearchActivity) -> d
    void access$5(com.docd.purefm.activities.SearchActivity,com.docd.purefm.file.GenericFile) -> a
...
android.support.v4.widget.SlidingPaneLayout$SlidingPanelLayoutImplJBMR1 -> gq:
    void invalidateChildRegion(android.support.v4.widget.SlidingPaneLayout,android.view.View) -> a
android.support.v4.widget.ViewDragHelper -> gr:
    int mDragState -> a
    int mTouchSlop -> b
    int mActivePointerId -> c
    float[] mInitialMotionX -> d
    float[] mInitialMotionY -> e
    float[] mLastMotionX -> f
    float[] mLastMotionY -> g
    int[] mInitialEdgesTouched -> h
    int[] mEdgeDragsInProgress -> i
    int[] mEdgeDragsLocked -> j
    int mPointersDown -> k
    android.view.VelocityTracker mVelocityTracker -> l
    float mMaxVelocity -> m
    float mMinVelocity -> n
    int mEdgeSize -> o
    int mTrackingEdges -> p
    android.support.v4.widget.ScrollerCompat mScroller -> q
    android.support.v4.widget.ViewDragHelper$Callback mCallback -> r
    android.view.View mCapturedView -> s
    boolean mReleaseInProgress -> t
    android.view.ViewGroup mParentView -> u
    android.view.animation.Interpolator sInterpolator -> v
    java.lang.Runnable mSetIdleRunnable -> w
    android.support.v4.widget.ViewDragHelper create(android.view.ViewGroup,android.support.v4.widget.ViewDragHelper$Callback) -> a
    android.support.v4.widget.ViewDragHelper create(android.view.ViewGroup,float,android.support.v4.widget.ViewDragHelper$Callback) -> a
    void setMinVelocity(float) -> a
    int getViewDragState() -> a
    void setEdgeTrackingEnabled(int) -> a
    int getEdgeSize() -> b
    void captureChildView(android.view.View,int) -> a
    android.view.View getCapturedView() -> c
    int getTouchSlop() -> d
    void cancel() -> e
    void abort() -> f
android.support.v4.widget.ViewDragHelper$1 -> gs:
    float getInterpolation(float) -> getInterpolation
android.support.v4.widget.ViewDragHelper$2 -> gt:
    android.support.v4.widget.ViewDragHelper this$0 -> a
    void run() -> run
android.support.v4.widget.ViewDragHelper$Callback -> gu:
    void onViewDragStateChanged(int) -> a
    void onViewPositionChanged(android.view.View,int,int,int,int) -> a
    void onViewCaptured(android.view.View,int) -> b
    void onViewReleased(android.view.View,float,float) -> a
    void onEdgeTouched(int,int) -> a
    boolean onEdgeLock(int) -> b
    void onEdgeDragStarted(int,int) -> b
    int getOrderedChildIndex(int) -> c
    int getViewHorizontalDragRange(android.view.View) -> a
    int getViewVerticalDragRange(android.view.View) -> b
    boolean tryCaptureView(android.view.View,int) -> a
    int clampViewPositionHorizontal(android.view.View,int,int) -> a
    int clampViewPositionVertical(android.view.View,int,int) -> b
com.cyanogenmod.filemanager.util.AIDHelper -> gv:
    android.util.SparseArray sAids -> a
    android.util.SparseArray getAIDs(android.content.Context,boolean) -> a
org.apache.commons.io.FileExistsException -> lh: