PureFM/proguard/usage.txt
com.docd.purefm.BuildConfig
com.docd.purefm.Extras
com.docd.purefm.R
com.docd.purefm.R$array
com.docd.purefm.R$attr
com.docd.purefm.R$color
com.docd.purefm.R$dimen
com.docd.purefm.R$drawable
com.docd.purefm.R$id
com.docd.purefm.R$layout
com.docd.purefm.R$menu
com.docd.purefm.R$raw
com.docd.purefm.R$string
com.docd.purefm.R$style
com.docd.purefm.R$xml
com.docd.purefm.activities.BrowserActivity:
    public static final java.lang.String TAG_DIALOG
    public static final int REQUEST_CODE_SETTINGS
com.docd.purefm.adapters.BrowserBaseAdapter:
    public abstract android.view.View getView(int,android.view.View,android.view.ViewGroup)
com.docd.purefm.adapters.SearchResultsAdapter
com.docd.purefm.browser.BrowserFragment:
    private static final java.lang.String KEY_FILE
    private static final java.lang.String KEY_PREV_ID
com.docd.purefm.commandline.CommandLine:
    12:12:private CommandLine()
    58:65:public static java.util.List executeForResult(java.util.List)
com.docd.purefm.commandline.CommandLineUtils:
    13:13:private CommandLineUtils()
    137:154:public static java.lang.String mkdirs(boolean,com.docd.purefm.file.CommandLineFile)
    158:167:public static java.util.List ls(boolean,java.io.File)
com.docd.purefm.commandline.Constants
com.docd.purefm.commandline.Delete
com.docd.purefm.file.CommandLineFile:
    private static final long serialVersionUID
    private static final java.lang.String FS_ROOT_PERMISSIONS
    private static final int LS_PERMISSIONS
    private static final int LS_USER
    private static final int LS_GROUP
    private static final int LS_FILE_SIZE
    private static final int LS_MONTH
    private static final int LS_DAY_OF_MONTH
    private static final int LS_TIME
    private static final int LS_YEAR
    private static final int LS_FILE
    76:77:public void setFileSize(long)
    327:353:public com.docd.purefm.file.CommandLineFile[] listFiles(java.io.FileFilter)
    358:384:public com.docd.purefm.file.CommandLineFile[] listFiles(java.io.FilenameFilter)
    420:430:public java.lang.String[] list()
    483:490:public boolean mkdirs()
    512:512:public java.lang.String getPath()
    542:542:public long getFreeSpace()
    547:547:public long getTotalSpace()
    1:1:public bridge synthetic com.docd.purefm.file.GenericFile[] listFiles(java.io.FilenameFilter)
    1:1:public bridge synthetic com.docd.purefm.file.GenericFile[] listFiles(java.io.FileFilter)
    1:1:public bridge synthetic com.docd.purefm.file.GenericFile[] listFiles()
com.docd.purefm.file.GenericFile:
    public abstract boolean mkdirs()
    public abstract long getFreeSpace()
    public abstract long getTotalSpace()
    public abstract java.lang.String getPath()
    public abstract com.docd.purefm.file.GenericFile[] listFiles()
    public abstract com.docd.purefm.file.GenericFile[] listFiles(java.io.FileFilter)
    public abstract com.docd.purefm.file.GenericFile[] listFiles(java.io.FilenameFilter)
    public abstract java.lang.String[] list()
com.docd.purefm.file.JavaFile:
    private static final long serialVersionUID
    51:60:public JavaFile(java.lang.String,java.lang.String)
    73:82:public JavaFile(java.net.URI)
    89:96:private com.docd.purefm.file.JavaFile[] convert(java.io.File[])
    176:176:public com.docd.purefm.file.JavaFile[] listFiles()
    181:181:public com.docd.purefm.file.JavaFile[] listFiles(java.io.FileFilter)
    186:186:public com.docd.purefm.file.JavaFile[] listFiles(java.io.FilenameFilter)
    214:214:public java.lang.String[] list()
    253:253:public boolean mkdirs()
    273:273:public java.lang.String getPath()
    303:303:public long getFreeSpace()
    308:308:public long getTotalSpace()
    1:1:public bridge synthetic com.docd.purefm.file.GenericFile[] listFiles(java.io.FilenameFilter)
    1:1:public bridge synthetic com.docd.purefm.file.GenericFile[] listFiles(java.io.FileFilter)
    1:1:public bridge synthetic com.docd.purefm.file.GenericFile[] listFiles()
...
android.support.v4.view.ViewCompat$ViewCompatImpl:
    public abstract boolean canScrollVertically(android.view.View,int)
    public abstract void setOverScrollMode(android.view.View,int)
    public abstract void onInitializeAccessibilityEvent(android.view.View,android.view.accessibility.AccessibilityEvent)
    public abstract void onPopulateAccessibilityEvent(android.view.View,android.view.accessibility.AccessibilityEvent)
    public abstract void onInitializeAccessibilityNodeInfo(android.view.View,android.support.v4.view.accessibility.AccessibilityNodeInfoCompat)
    public abstract boolean hasTransientState(android.view.View)
    public abstract void setHasTransientState(android.view.View,boolean)
    public abstract void postOnAnimationDelayed(android.view.View,java.lang.Runnable,long)
    public abstract boolean performAccessibilityAction(android.view.View,int,android.os.Bundle)
    public abstract android.support.v4.view.accessibility.AccessibilityNodeProviderCompat getAccessibilityNodeProvider(android.view.View)
    public abstract float getAlpha(android.view.View)
    public abstract int getLabelFor(android.view.View)
    public abstract void setLabelFor(android.view.View,int)
    public abstract void setLayoutDirection(android.view.View,int)
    public abstract int resolveSizeAndState(int,int,int)
    public abstract int getMeasuredWidthAndState(android.view.View)
    public abstract int getMeasuredHeightAndState(android.view.View)
android.support.v4.view.ViewCompatEclairMr1:
    22:22:ViewCompatEclairMr1()
android.support.v4.view.ViewCompatGingerbread:
    21:21:ViewCompatGingerbread()
    27:28:public static void setOverScrollMode(android.view.View,int)
android.support.v4.view.ViewCompatHC:
    23:23:ViewCompatHC()
    29:29:public static float getAlpha(android.view.View)
    41:41:public static int resolveSizeAndState(int,int,int)
    45:45:public static int getMeasuredWidthAndState(android.view.View)
    49:49:public static int getMeasuredHeightAndState(android.view.View)
    53:53:public static int getMeasuredState(android.view.View)
android.support.v4.view.ViewCompatICS:
    27:27:ViewCompatICS()
    34:34:public static boolean canScrollVertically(android.view.View,int)
    42:43:public static void onPopulateAccessibilityEvent(android.view.View,android.view.accessibility.AccessibilityEvent)
    46:47:public static void onInitializeAccessibilityEvent(android.view.View,android.view.accessibility.AccessibilityEvent)
    50:51:public static void onInitializeAccessibilityNodeInfo(android.view.View,java.lang.Object)
android.support.v4.view.ViewCompatJB:
    26:26:ViewCompatJB()
    29:29:public static boolean hasTransientState(android.view.View)
    33:34:public static void setHasTransientState(android.view.View,boolean)
    50:51:public static void postOnAnimationDelayed(android.view.View,java.lang.Runnable,long)
    62:62:public static boolean performAccessibilityAction(android.view.View,int,android.os.Bundle)
    66:66:public static java.lang.Object getAccessibilityNodeProvider(android.view.View)
android.support.v4.view.ViewCompatJellybeanMr1:
    25:25:ViewCompatJellybeanMr1()
    28:28:public static int getLabelFor(android.view.View)
    32:33:public static void setLabelFor(android.view.View,int)
    44:45:public static void setLayoutDirection(android.view.View,int)
android.support.v4.view.ViewCompatKitKat
android.support.v4.view.ViewConfigurationCompat:
    25:46:public ViewConfigurationCompat()
android.support.v4.view.ViewConfigurationCompatFroyo:
    24:24:ViewConfigurationCompatFroyo()